2024-01-15 12:35:52,293 [INFO] Activator:176 - 


2024-01-15 12:35:52,296 [INFO] Activator:177 - !SESSION log4j initialized
2024-01-15 12:35:54,914 [INFO] LogOutputStream:77 - [STDOUT_REDIRECT] 
2024-01-15 12:35:59,852 [INFO] ApplicationProperties:184 - Using Application install path: C:\ST\STM32CubeIDE_1.13.2\STM32CubeIDE\plugins\com.st.stm32cube.common.mx_6.9.2.202309101412
2024-01-15 12:35:59,909 [INFO] DbMcusXml:78 - Set database path to: C:\ST\STM32CubeIDE_1.13.2\STM32CubeIDE\plugins\com.st.stm32cube.common.mx_6.9.2.202309101412\\db\/mcu/
2024-01-15 12:35:59,914 [INFO] ApiDb:274 - Set plugin database path to: C:\ST\STM32CubeIDE_1.13.2\STM32CubeIDE\plugins\com.st.stm32cube.common.mx_6.9.2.202309101412\\db\/plugins/boardmanager/
2024-01-15 12:35:59,918 [WARN] ApiDb:259 - Overriding images path with different value:  => C:\ST\STM32CubeIDE_1.13.2\STM32CubeIDE\plugins\com.st.stm32cube.common.mx_6.9.2.202309101412\\db\/plugins/mcufinder/images/
2024-01-15 12:35:59,935 [INFO] ApiDb:250 - Set database path to: C:\Users\ahadeljan\.stmcufinder\plugins\mcufinder//mcu/
2024-01-15 12:35:59,936 [INFO] DbMcusAds:125 - Set database path to: C:\Users\ahadeljan\.stmcufinder\plugins\mcufinder//mcu/
2024-01-15 12:35:59,939 [INFO] CrossReferenceDbSqlite:203 - Set database path to: C:\Users\ahadeljan\.stmcufinder\plugins\mcufinder//mcu/cs/
2024-01-15 12:36:00,074 [INFO] RulesReader:64 - Compatibility file has been processed (293 Rules)
2024-01-15 12:36:00,163 [INFO] DbMcusXml:78 - Set database path to: C:\ST\STM32CubeIDE_1.13.2\STM32CubeIDE\plugins\com.st.stm32cube.common.mx_6.9.2.202309101412\\db\/mcu/
2024-01-15 12:36:00,163 [INFO] ApiDb:274 - Set plugin database path to: C:\ST\STM32CubeIDE_1.13.2\STM32CubeIDE\plugins\com.st.stm32cube.common.mx_6.9.2.202309101412\\db\/plugins/boardmanager/
2024-01-15 12:36:00,164 [INFO] ApiDb:261 - Set plugin images path to: C:\ST\STM32CubeIDE_1.13.2\STM32CubeIDE\plugins\com.st.stm32cube.common.mx_6.9.2.202309101412\\db\/plugins/mcufinder/images/
2024-01-15 12:36:00,164 [WARN] DbFile:41 - Overriding database path with different value: C:\Users\ahadeljan\.stmcufinder\plugins\mcufinder/ => C:\Users\ahadeljan\.stmcufinder\plugins\mcufinder
2024-01-15 12:36:00,164 [INFO] ApiDb:250 - Set database path to: C:\Users\ahadeljan\.stmcufinder\plugins\mcufinder//mcu/
2024-01-15 12:36:00,164 [WARN] DbFile:41 - Overriding database path with different value: C:\Users\ahadeljan\.stmcufinder\plugins\mcufinder/ => C:\Users\ahadeljan\.stmcufinder\plugins\mcufinder
2024-01-15 12:36:00,164 [INFO] DbMcusAds:125 - Set database path to: C:\Users\ahadeljan\.stmcufinder\plugins\mcufinder//mcu/
2024-01-15 12:36:00,164 [WARN] DbFile:41 - Overriding database path with different value: C:\Users\ahadeljan\.stmcufinder\plugins\mcufinder/ => C:\Users\ahadeljan\.stmcufinder\plugins\mcufinder
2024-01-15 12:36:00,164 [WARN] DbFile:41 - Overriding database path with different value: C:\Users\ahadeljan\.stmcufinder\plugins\mcufinder/ => C:\Users\ahadeljan\.stmcufinder\plugins\mcufinder
2024-01-15 12:36:00,164 [INFO] CrossReferenceDbSqlite:203 - Set database path to: C:\Users\ahadeljan\.stmcufinder\plugins\mcufinder//mcu/cs/
2024-01-15 12:36:00,254 [INFO] MainPanel:262 - HeapMemory: 268435456
2024-01-15 12:36:00,361 [INFO] DbMcusXml:78 - Set database path to: C:\ST\STM32CubeIDE_1.13.2\STM32CubeIDE\plugins\com.st.stm32cube.common.mx_6.9.2.202309101412\\db\/mcu/
2024-01-15 12:36:00,361 [INFO] ApiDb:274 - Set plugin database path to: C:\ST\STM32CubeIDE_1.13.2\STM32CubeIDE\plugins\com.st.stm32cube.common.mx_6.9.2.202309101412\\db\/plugins/boardmanager/
2024-01-15 12:36:00,361 [INFO] ApiDb:261 - Set plugin images path to: C:\ST\STM32CubeIDE_1.13.2\STM32CubeIDE\plugins\com.st.stm32cube.common.mx_6.9.2.202309101412\\db\/plugins/mcufinder/images/
2024-01-15 12:36:00,361 [WARN] DbFile:41 - Overriding database path with different value: C:\Users\ahadeljan\.stmcufinder\plugins\mcufinder/ => C:\Users\ahadeljan\.stmcufinder\plugins\mcufinder
2024-01-15 12:36:00,361 [INFO] ApiDb:250 - Set database path to: C:\Users\ahadeljan\.stmcufinder\plugins\mcufinder//mcu/
2024-01-15 12:36:00,362 [WARN] DbFile:41 - Overriding database path with different value: C:\Users\ahadeljan\.stmcufinder\plugins\mcufinder/ => C:\Users\ahadeljan\.stmcufinder\plugins\mcufinder
2024-01-15 12:36:00,362 [INFO] DbMcusAds:125 - Set database path to: C:\Users\ahadeljan\.stmcufinder\plugins\mcufinder//mcu/
2024-01-15 12:36:00,362 [WARN] DbFile:41 - Overriding database path with different value: C:\Users\ahadeljan\.stmcufinder\plugins\mcufinder/ => C:\Users\ahadeljan\.stmcufinder\plugins\mcufinder
2024-01-15 12:36:00,362 [WARN] DbFile:41 - Overriding database path with different value: C:\Users\ahadeljan\.stmcufinder\plugins\mcufinder/ => C:\Users\ahadeljan\.stmcufinder\plugins\mcufinder
2024-01-15 12:36:00,362 [INFO] CrossReferenceDbSqlite:203 - Set database path to: C:\Users\ahadeljan\.stmcufinder\plugins\mcufinder//mcu/cs/
2024-01-15 12:36:00,382 [INFO] ApplicationProperties:184 - Using Application install path: C:\ST\STM32CubeIDE_1.13.2\STM32CubeIDE\plugins\com.st.stm32cube.common.mx_6.9.2.202309101412
2024-01-15 12:36:00,384 [INFO] PluginManage:196 - Search for loadable plugins [exclusion list=, ]
2024-01-15 12:36:00,384 [INFO] PluginManage:310 - Check plugin analytics
2024-01-15 12:36:00,552 [INFO] AnalyticsPlugin:253 - Accepted Software Licenses: 
2024-01-15 12:36:00,552 [INFO] AnalyticsPlugin:255 - Accepted CMSIS Pack Licenses: 
2024-01-15 12:36:00,553 [INFO] AnalyticsPlugin:257 - Accepted Firmware Licenses: 
2024-01-15 12:36:00,555 [INFO] PluginManage:359 - Loaded plugin analytics (category:tool,tabindex:-1)
2024-01-15 12:36:00,555 [INFO] PluginManage:310 - Check plugin cadmodel
2024-01-15 12:36:00,568 [INFO] CADModel:105 - Init CAD model plugin
2024-01-15 12:36:00,568 [INFO] PluginManage:359 - Loaded plugin cadmodel (category:power,tabindex:5)
2024-01-15 12:36:00,568 [INFO] PluginManage:310 - Check plugin clock
2024-01-15 12:36:00,585 [INFO] PluginManage:359 - Loaded plugin clock (category:base,tabindex:2)
2024-01-15 12:36:00,585 [INFO] PluginManage:310 - Check plugin ddr
2024-01-15 12:36:00,587 [INFO] PluginManage:359 - Loaded plugin ddr (category:tool,tabindex:6)
2024-01-15 12:36:00,588 [INFO] PluginManage:310 - Check plugin filemanager
2024-01-15 12:36:00,729 [INFO] PluginManage:359 - Loaded plugin filemanager (category:base,tabindex:10)
2024-01-15 12:36:00,729 [INFO] PluginManage:310 - Check plugin ipmanager
2024-01-15 12:36:00,741 [INFO] PluginManage:359 - Loaded plugin ipmanager (category:base,tabindex:5)
2024-01-15 12:36:00,741 [INFO] PluginManage:310 - Check plugin lpbam
2024-01-15 12:36:00,760 [INFO] PluginManage:359 - Loaded plugin lpbam (category:base,tabindex:0)
2024-01-15 12:36:00,760 [INFO] PluginManage:310 - Check plugin memorymap
2024-01-15 12:36:00,786 [INFO] PluginManage:359 - Loaded plugin memorymap (category:base,tabindex:4)
2024-01-15 12:36:00,786 [INFO] PluginManage:310 - Check plugin pinoutandconfiguration
2024-01-15 12:36:00,806 [INFO] PluginManage:359 - Loaded plugin pinoutandconfiguration (category:base,tabindex:1)
2024-01-15 12:36:00,807 [INFO] PluginManage:310 - Check plugin pinoutconfig
2024-01-15 12:36:00,935 [WARN] SupportedApi:132 - Cannot load RTOS API schema: s4s-elt-must-match.1: The content of 'definitions' must match (annotation?, (simpleType | complexType)?, (unique | key | keyref)*)). A problem was found starting at: attribute.
2024-01-15 12:36:01,093 [INFO] PluginManage:359 - Loaded plugin pinoutconfig (category:base,tabindex:0)
2024-01-15 12:36:01,094 [INFO] PluginManage:310 - Check plugin power
2024-01-15 12:36:01,115 [INFO] PluginManage:359 - Loaded plugin power (category:power,tabindex:4)
2024-01-15 12:36:01,115 [INFO] PluginManage:310 - Check plugin projectmanager
2024-01-15 12:36:01,129 [INFO] PluginManage:359 - Loaded plugin projectmanager (category:projectmanager,tabindex:3)
2024-01-15 12:36:01,129 [INFO] PluginManage:310 - Check plugin thirdparty
2024-01-15 12:36:01,429 [INFO] PluginManage:359 - Loaded plugin thirdparty (category:base,tabindex:-1)
2024-01-15 12:36:01,429 [WARN] IntegrityCheckThread:84 - waiting for thirdparty lock release [integrity check]
2024-01-15 12:36:01,429 [INFO] PluginManage:310 - Check plugin tools
2024-01-15 12:36:01,429 [INFO] IntegrityCheckThread:86 - entering critical section [integrity check]
2024-01-15 12:36:01,430 [INFO] ThirdPartyUpdaterWithRetryManager:70 - Updater plugin not ready yet. [1/15]
2024-01-15 12:36:01,466 [INFO] PluginManage:359 - Loaded plugin tools (category:base,tabindex:7)
2024-01-15 12:36:01,466 [INFO] PluginManage:310 - Check plugin tutovideos
2024-01-15 12:36:01,703 [INFO] PluginManage:359 - Loaded plugin tutovideos (category:base,tabindex:-1)
2024-01-15 12:36:01,703 [INFO] PluginManage:310 - Check plugin updater
2024-01-15 12:36:01,715 [INFO] PluginManage:359 - Loaded plugin updater (category:base,tabindex:12)
2024-01-15 12:36:01,716 [INFO] PluginManage:310 - Check plugin userauth
2024-01-15 12:36:01,731 [INFO] UserAuth:113 - Init User Auth plugin
2024-01-15 12:36:01,732 [INFO] PluginManage:359 - Loaded plugin userauth (category:base,tabindex:14)
2024-01-15 12:36:01,732 [INFO] PluginManage:283 - PluginManage : Loaded plugins [17]
2024-01-15 12:36:02,077 [INFO] PinOutPanel:1499 - setPackage(No Configuration,No Configuration)
2024-01-15 12:36:02,198 [INFO] CADModel:165 - CPN selected for project level
2024-01-15 12:36:02,198 [INFO] CADModel:114 - Register for checkConnection events
2024-01-15 12:36:02,230 [INFO] IPUIPlugin:80 - create IPUIPlugin
2024-01-15 12:36:02,231 [INFO] PluginManager:220 - loadIPPluginJar : add adc
2024-01-15 12:36:02,270 [INFO] IPUIPlugin:80 - create IPUIPlugin
2024-01-15 12:36:02,270 [INFO] PluginManager:220 - loadIPPluginJar : add aes
2024-01-15 12:36:02,313 [INFO] IPUIPlugin:80 - create IPUIPlugin
2024-01-15 12:36:02,313 [INFO] PluginManager:220 - loadIPPluginJar : add can
2024-01-15 12:36:02,337 [INFO] IPUIPlugin:80 - create IPUIPlugin
2024-01-15 12:36:02,337 [INFO] PluginManager:220 - loadIPPluginJar : add comp
2024-01-15 12:36:02,369 [INFO] IPUIPlugin:80 - create IPUIPlugin
2024-01-15 12:36:02,369 [INFO] PluginManager:220 - loadIPPluginJar : add cryp
2024-01-15 12:36:02,402 [INFO] IPUIPlugin:80 - create IPUIPlugin
2024-01-15 12:36:02,402 [INFO] PluginManager:220 - loadIPPluginJar : add dfsdm
2024-01-15 12:36:02,417 [INFO] IPUIPlugin:80 - create IPUIPlugin
2024-01-15 12:36:02,417 [INFO] PluginManager:220 - loadIPPluginJar : add dma
2024-01-15 12:36:02,462 [INFO] IPUIPlugin:80 - create IPUIPlugin
2024-01-15 12:36:02,463 [INFO] PluginManager:220 - loadIPPluginJar : add dma3
2024-01-15 12:36:02,484 [INFO] IPUIPlugin:80 - create IPUIPlugin
2024-01-15 12:36:02,484 [INFO] PluginManager:220 - loadIPPluginJar : add fatfs
2024-01-15 12:36:02,532 [INFO] IPUIPlugin:80 - create IPUIPlugin
2024-01-15 12:36:02,532 [INFO] PluginManager:220 - loadIPPluginJar : add fmc
2024-01-15 12:36:02,547 [INFO] IPUIPlugin:80 - create IPUIPlugin
2024-01-15 12:36:02,547 [INFO] PluginManager:220 - loadIPPluginJar : add freertos
2024-01-15 12:36:02,571 [INFO] IPUIPlugin:80 - create IPUIPlugin
2024-01-15 12:36:02,571 [INFO] PluginManager:220 - loadIPPluginJar : add genericplugin
2024-01-15 12:36:02,662 [INFO] IPUIPlugin:80 - create IPUIPlugin
2024-01-15 12:36:02,662 [INFO] PluginManager:220 - loadIPPluginJar : add gfxmmu
2024-01-15 12:36:02,783 [INFO] IPUIPlugin:80 - create IPUIPlugin
2024-01-15 12:36:02,783 [INFO] PluginManager:220 - loadIPPluginJar : add gic
2024-01-15 12:36:02,796 [INFO] IPUIPlugin:80 - create IPUIPlugin
2024-01-15 12:36:02,796 [INFO] PluginManager:220 - loadIPPluginJar : add gpio
2024-01-15 12:36:02,879 [INFO] IPUIPlugin:80 - create IPUIPlugin
2024-01-15 12:36:02,880 [INFO] PluginManager:220 - loadIPPluginJar : add gtzc
2024-01-15 12:36:02,906 [INFO] IPUIPlugin:80 - create IPUIPlugin
2024-01-15 12:36:02,906 [INFO] PluginManager:220 - loadIPPluginJar : add hash
2024-01-15 12:36:02,949 [INFO] IPUIPlugin:80 - create IPUIPlugin
2024-01-15 12:36:02,950 [INFO] PluginManager:220 - loadIPPluginJar : add i2c
2024-01-15 12:36:02,985 [INFO] IPUIPlugin:80 - create IPUIPlugin
2024-01-15 12:36:02,985 [INFO] PluginManager:220 - loadIPPluginJar : add i2s
2024-01-15 12:36:03,018 [INFO] IPUIPlugin:80 - create IPUIPlugin
2024-01-15 12:36:03,018 [INFO] PluginManager:220 - loadIPPluginJar : add i3c
2024-01-15 12:36:03,103 [INFO] IPUIPlugin:80 - create IPUIPlugin
2024-01-15 12:36:03,103 [INFO] PluginManager:220 - loadIPPluginJar : add ipddr
2024-01-15 12:36:03,169 [INFO] IPUIPlugin:80 - create IPUIPlugin
2024-01-15 12:36:03,169 [INFO] PluginManager:220 - loadIPPluginJar : add linkedlist
2024-01-15 12:36:03,194 [INFO] IPUIPlugin:80 - create IPUIPlugin
2024-01-15 12:36:03,194 [INFO] PluginManager:220 - loadIPPluginJar : add lorawan
2024-01-15 12:36:03,220 [INFO] IPUIPlugin:80 - create IPUIPlugin
2024-01-15 12:36:03,220 [INFO] PluginManager:220 - loadIPPluginJar : add ltdc
2024-01-15 12:36:03,233 [INFO] IPUIPlugin:80 - create IPUIPlugin
2024-01-15 12:36:03,233 [INFO] PluginManager:220 - loadIPPluginJar : add mdma
2024-01-15 12:36:03,242 [INFO] IPUIPlugin:80 - create IPUIPlugin
2024-01-15 12:36:03,242 [INFO] PluginManager:220 - loadIPPluginJar : add nvic
2024-01-15 12:36:03,268 [INFO] IPUIPlugin:80 - create IPUIPlugin
2024-01-15 12:36:03,268 [INFO] PluginManager:220 - loadIPPluginJar : add opamp
2024-01-15 12:36:03,311 [INFO] IPUIPlugin:80 - create IPUIPlugin
2024-01-15 12:36:03,311 [INFO] PluginManager:220 - loadIPPluginJar : add openamp
2024-01-15 12:36:03,342 [INFO] IPUIPlugin:80 - create IPUIPlugin
2024-01-15 12:36:03,342 [INFO] PluginManager:220 - loadIPPluginJar : add pdm2pcm
2024-01-15 12:36:03,353 [INFO] IPUIPlugin:80 - create IPUIPlugin
2024-01-15 12:36:03,355 [INFO] PluginManager:220 - loadIPPluginJar : add plateformsettings
2024-01-15 12:36:03,372 [INFO] IPUIPlugin:80 - create IPUIPlugin
2024-01-15 12:36:03,372 [INFO] PluginManager:220 - loadIPPluginJar : add quadspi
2024-01-15 12:36:03,382 [INFO] IPUIPlugin:80 - create IPUIPlugin
2024-01-15 12:36:03,382 [INFO] PluginManager:220 - loadIPPluginJar : add resmgrutility
2024-01-15 12:36:03,421 [INFO] IPUIPlugin:80 - create IPUIPlugin
2024-01-15 12:36:03,421 [INFO] PluginManager:220 - loadIPPluginJar : add sai
2024-01-15 12:36:03,451 [INFO] IPUIPlugin:80 - create IPUIPlugin
2024-01-15 12:36:03,451 [INFO] PluginManager:220 - loadIPPluginJar : add spi
2024-01-15 12:36:03,496 [INFO] IPUIPlugin:80 - create IPUIPlugin
2024-01-15 12:36:03,496 [INFO] PluginManager:220 - loadIPPluginJar : add stm32_wpan
2024-01-15 12:36:03,514 [INFO] IPUIPlugin:80 - create IPUIPlugin
2024-01-15 12:36:03,514 [INFO] PluginManager:220 - loadIPPluginJar : add tim
2024-01-15 12:36:03,559 [INFO] IPUIPlugin:80 - create IPUIPlugin
2024-01-15 12:36:03,559 [INFO] PluginManager:220 - loadIPPluginJar : add touchsensing
2024-01-15 12:36:03,577 [INFO] IPUIPlugin:80 - create IPUIPlugin
2024-01-15 12:36:03,577 [INFO] PluginManager:220 - loadIPPluginJar : add tracer_emb
2024-01-15 12:36:03,594 [INFO] IPUIPlugin:80 - create IPUIPlugin
2024-01-15 12:36:03,594 [INFO] PluginManager:220 - loadIPPluginJar : add ts
2024-01-15 12:36:03,609 [INFO] IPUIPlugin:80 - create IPUIPlugin
2024-01-15 12:36:03,609 [INFO] PluginManager:220 - loadIPPluginJar : add tsc
2024-01-15 12:36:03,625 [INFO] IPUIPlugin:80 - create IPUIPlugin
2024-01-15 12:36:03,625 [INFO] PluginManager:220 - loadIPPluginJar : add ucpd
2024-01-15 12:36:03,657 [INFO] IPUIPlugin:80 - create IPUIPlugin
2024-01-15 12:36:03,657 [INFO] PluginManager:220 - loadIPPluginJar : add usart
2024-01-15 12:36:03,690 [INFO] IPUIPlugin:80 - create IPUIPlugin
2024-01-15 12:36:03,690 [INFO] PluginManager:220 - loadIPPluginJar : add usbx
2024-01-15 12:36:03,805 [INFO] CADModel:165 - CPN selected for project level
2024-01-15 12:36:03,805 [INFO] CADModel:114 - Register for checkConnection events
2024-01-15 12:36:03,806 [FATAL] Updater:308 - Updater called before beeing initialized
2024-01-15 12:36:03,806 [ERROR] CADModel:125 - Updater not yet initialized, retry later 
2024-01-15 12:36:03,928 [INFO] CADModel:165 - CPN selected for project level
2024-01-15 12:36:03,928 [INFO] CADModel:114 - Register for checkConnection events
2024-01-15 12:36:03,928 [FATAL] Updater:308 - Updater called before beeing initialized
2024-01-15 12:36:03,928 [ERROR] CADModel:125 - Updater not yet initialized, retry later 
2024-01-15 12:36:03,932 [FATAL] Updater:308 - Updater called before beeing initialized
2024-01-15 12:36:04,027 [FATAL] Updater:308 - Updater called before beeing initialized
2024-01-15 12:36:04,037 [INFO] DbMcusAds:53 - JSON generation date=Wed Nov 29 11:52:27 CET 2023 (1701255147349)
2024-01-15 12:36:04,037 [FATAL] Updater:308 - Updater called before beeing initialized
2024-01-15 12:36:04,105 [WARN] DetailPanel:346 - Failed to get advertising image, set to default
2024-01-15 12:36:04,192 [FATAL] Updater:308 - Updater called before beeing initialized
2024-01-15 12:36:04,194 [FATAL] Updater:308 - Updater called before beeing initialized
2024-01-15 12:36:04,194 [FATAL] Updater:308 - Updater called before beeing initialized
2024-01-15 12:36:04,194 [WARN] DetailPanel:346 - Failed to get advertising image, set to default
2024-01-15 12:36:04,195 [FATAL] Updater:308 - Updater called before beeing initialized
2024-01-15 12:36:04,245 [ERROR] Updater:1120 - MainUpdater not yet initialized. External WinMGr cannot be set.
2024-01-15 12:36:04,252 [INFO] Updater:1056 - Updater Version found : 6.9.2
2024-01-15 12:36:04,266 [INFO] ApplicationProperties:184 - Using Application install path: C:\ST\STM32CubeIDE_1.13.2\STM32CubeIDE\plugins\com.st.stm32cube.common.mx_6.9.2.202309101412
2024-01-15 12:36:04,430 [INFO] ThirdPartyUpdaterWithRetryManager:70 - Updater plugin not ready yet. [2/15]
2024-01-15 12:36:04,496 [INFO] MainUpdater:2868 - connection check result : 10
2024-01-15 12:36:04,498 [INFO] MainUpdater:285 - Updater Check For Update Now.
2024-01-15 12:36:04,498 [INFO] MicroXplorer:498 - Change Database Version : DB.6.0.92
2024-01-15 12:36:04,518 [INFO] McuFinderGlobals:63 - Set McuFinder mode to 2 (CubeIDE integrated)
2024-01-15 12:36:04,519 [INFO] UserAuth:179 - activating auth plugin
2024-01-15 12:36:04,522 [INFO] UserAuth:393 - Internet connection configuration mode: 1
2024-01-15 12:36:04,550 [INFO] JxBrowserEngine:151 - Initiate JxBrowser Engine with user profile folder
2024-01-15 12:36:04,693 [INFO] CheckServerUpdateThread:120 - End of CheckServer Thread
2024-01-15 12:36:06,705 [INFO] WebApp:157 - Instantiating new browser for Auth
2024-01-15 12:36:07,364 [INFO] WebApp:753 - Register for checkConnection events
2024-01-15 12:36:07,364 [INFO] WebApp:390 - Apply proxy settings
2024-01-15 12:36:07,365 [INFO] WebApp:475 - Chromium requires no authentication
2024-01-15 12:36:07,372 [INFO] WebApp:418 - Direct internet connection detected
2024-01-15 12:36:07,553 [INFO] WebApp:188 - Starting web application
2024-01-15 12:36:07,553 [INFO] WebApp:520 - Web application path used C:\ST\STM32CubeIDE_1.13.2\STM32CubeIDE\plugins\com.st.stm32cube.common.mx_6.9.2.202309101412\db\plugins\mcufinder\reactClient1\index.html
2024-01-15 12:36:07,575 [WARN] PackLoader:240 - Cannot read IP mode file for STMicroelectronics.X-CUBE-SMBUS.2.1.0
2024-01-15 12:36:07,595 [WARN] PackLoader:240 - Cannot read IP mode file for STMicroelectronics.X-CUBE-TOUCHGFX.4.23.0
2024-01-15 12:36:07,629 [WARN] PackLoader:240 - Cannot read IP mode file for STMicroelectronics.X-CUBE-AZRTOS-F7.1.1.0
2024-01-15 12:36:07,644 [WARN] PackLoader:240 - Cannot read IP mode file for STMicroelectronics.FP-SNS-MOTENV1.4.3.2
2024-01-15 12:36:07,654 [WARN] PackLoader:240 - Cannot read IP mode file for STMicroelectronics.FP-SNS-FLIGHT1.5.0.2
2024-01-15 12:36:07,667 [WARN] PackLoader:240 - Cannot read IP mode file for STMicroelectronics.X-CUBE-DISPLAY.3.0.0
2024-01-15 12:36:07,683 [WARN] PackLoader:240 - Cannot read IP mode file for STMicroelectronics.X-CUBE-BLE1.7.0.0
2024-01-15 12:36:07,695 [WARN] PackLoader:240 - Cannot read IP mode file for emotas.I-CUBE-CANOPEN.1.3.0
2024-01-15 12:36:07,705 [WARN] PackLoader:240 - Cannot read IP mode file for STMicroelectronics.X-CUBE-TOUCHGFX.4.22.1
2024-01-15 12:36:07,720 [WARN] PackLoader:240 - Cannot read IP mode file for STMicroelectronics.FP-SNS-SMARTAG2.1.2.0
2024-01-15 12:36:07,740 [INFO] LogOutputStream:77 - [STDOUT_REDIRECT] 1 : Invalid condition id : UX_CORESTACK_Condition cause : null
2024-01-15 12:36:07,741 [INFO] LogOutputStream:77 - [STDOUT_REDIRECT] 1 : Invalid condition id : UX_CORESTACK_Condition cause : null
2024-01-15 12:36:07,742 [INFO] LogOutputStream:77 - [STDOUT_REDIRECT] 1 : Invalid condition id : UX_CORESTACK_Condition cause : null
2024-01-15 12:36:07,744 [INFO] LogOutputStream:77 - [STDOUT_REDIRECT] 1 : Invalid condition id : UX_CORESTACK_Condition cause : null
2024-01-15 12:36:07,745 [INFO] LogOutputStream:77 - [STDOUT_REDIRECT] 1 : Invalid condition id : UX_CORESTACK_Condition cause : null
2024-01-15 12:36:07,747 [WARN] PackLoader:240 - Cannot read IP mode file for STMicroelectronics.X-CUBE-AZRTOS-WL.2.0.0
2024-01-15 12:36:07,765 [WARN] PackLoader:240 - Cannot read IP mode file for WES.I-CUBE-Cesium.1.3.0
2024-01-15 12:36:07,778 [WARN] PackLoader:240 - Cannot read IP mode file for STMicroelectronics.X-CUBE-BLE2.3.3.0
2024-01-15 12:36:07,794 [WARN] PackLoader:240 - Cannot read IP mode file for STMicroelectronics.X-CUBE-ALGOBUILD.1.3.0
2024-01-15 12:36:07,816 [WARN] PackLoader:240 - Cannot read IP mode file for STMicroelectronics.X-CUBE-AZRTOS-G0.1.1.0
2024-01-15 12:36:07,829 [WARN] PackLoader:240 - Cannot read IP mode file for STMicroelectronics.X-CUBE-NFC4.3.0.0
2024-01-15 12:36:07,858 [WARN] PackLoader:240 - Cannot read IP mode file for STMicroelectronics.X-CUBE-BLEMGR.3.0.0
2024-01-15 12:36:07,870 [WARN] PackLoader:240 - Cannot read IP mode file for STMicroelectronics.FP-ATR-SIGFOX1.3.2.0
2024-01-15 12:36:07,900 [WARN] PackLoader:240 - Cannot read IP mode file for SEGGER.I-CUBE-embOS.1.3.1
2024-01-15 12:36:07,939 [WARN] PackLoader:240 - Cannot read IP mode file for STMicroelectronics.X-CUBE-GNSS1.6.0.0
2024-01-15 12:36:07,961 [WARN] PackLoader:240 - Cannot read IP mode file for STMicroelectronics.X-CUBE-AZRTOS-F4.1.1.0
2024-01-15 12:36:07,973 [WARN] PackLoader:240 - Cannot read IP mode file for wolfSSL.I-CUBE-wolfSSL.5.6.3
2024-01-15 12:36:07,994 [WARN] PackLoader:240 - Cannot read IP mode file for STMicroelectronics.X-CUBE-AZRTOS-L5.2.0.0
2024-01-15 12:36:08,031 [WARN] PackLoader:240 - Cannot read IP mode file for STMicroelectronics.X-CUBE-MEMS1.9.6.0
2024-01-15 12:36:08,147 [WARN] PackLoader:240 - Cannot read IP mode file for STMicroelectronics.X-CUBE-EEPRMA1.4.2.0
2024-01-15 12:36:08,160 [WARN] PackLoader:240 - Cannot read IP mode file for ITTIA_DB.I-CUBE-ITTIADB.8.8.0
2024-01-15 12:36:08,172 [WARN] PackLoader:240 - Cannot read IP mode file for STMicroelectronics.X-CUBE-BLEMGR.2.0.0
2024-01-15 12:36:08,196 [WARN] ConditionMgr:438 - getConditionDescription Invalid condition id : UX DEVICE CLASS RTOS Condition cause : null
2024-01-15 12:36:08,196 [WARN] ConditionMgr:438 - getConditionDescription Invalid condition id : UX DEVICE CLASS RTOS Condition cause : null
2024-01-15 12:36:08,207 [WARN] PackLoader:240 - Cannot read IP mode file for STMicroelectronics.X-CUBE-AZRTOS-H7.3.1.0
2024-01-15 12:36:08,208 [WARN] ConditionMgr:1039 - genDependencies : Invalid condition id : UX DEVICE CLASS RTOS Condition cause : null
2024-01-15 12:36:08,208 [WARN] ConditionMgr:1039 - genDependencies : Invalid condition id : UX DEVICE CLASS RTOS Condition cause : null
2024-01-15 12:36:08,209 [WARN] ConditionMgr:1039 - genDependencies : Invalid condition id : UX DEVICE CLASS RTOS Condition cause : null
2024-01-15 12:36:08,209 [WARN] ConditionMgr:1039 - genDependencies : Invalid condition id : UX DEVICE CLASS RTOS Condition cause : null
2024-01-15 12:36:08,209 [WARN] ConditionMgr:1039 - genDependencies : Invalid condition id : UX DEVICE CLASS RTOS Condition cause : null
2024-01-15 12:36:08,221 [WARN] PackLoader:240 - Cannot read IP mode file for STMicroelectronics.X-CUBE-NFC7.1.0.1
2024-01-15 12:36:08,235 [WARN] PackLoader:240 - Cannot read IP mode file for STMicroelectronics.X-CUBE-NFC6.3.0.0
2024-01-15 12:36:08,246 [WARN] PackLoader:240 - Cannot read IP mode file for STMicroelectronics.X-CUBE-EEPRMA1.4.1.0
2024-01-15 12:36:08,258 [WARN] PackLoader:240 - Cannot read IP mode file for STMicroelectronics.X-CUBE-AI.8.1.0
2024-01-15 12:36:08,282 [WARN] ConditionMgr:438 - getConditionDescription Invalid condition id : LAN8742 Phy interface Condition cause : null
2024-01-15 12:36:08,282 [WARN] PackLoader:240 - Cannot read IP mode file for STMicroelectronics.X-CUBE-AZRTOS-L4.2.0.0
2024-01-15 12:36:08,284 [WARN] ConditionMgr:1039 - genDependencies : Invalid condition id : LAN8742 Phy interface Condition cause : null
2024-01-15 12:36:08,284 [WARN] ConditionMgr:1039 - genDependencies : Invalid condition id : LAN8742 Phy interface Condition cause : null
2024-01-15 12:36:08,285 [WARN] ConditionMgr:1039 - genDependencies : Invalid condition id : LAN8742 Phy interface Condition cause : null
2024-01-15 12:36:08,297 [WARN] PackLoader:240 - Cannot read IP mode file for STMicroelectronics.X-CUBE-SFXS2LP1.4.0.0
2024-01-15 12:36:08,306 [WARN] PackLoader:240 - Cannot read IP mode file for STMicroelectronics.X-CUBE-ISPU.1.1.0
2024-01-15 12:36:08,323 [WARN] ConditionMgr:438 - getConditionDescription Invalid condition id : UX DEVICE CLASS RTOS Condition cause : null
2024-01-15 12:36:08,324 [WARN] ConditionMgr:438 - getConditionDescription Invalid condition id : UX DEVICE CLASS RTOS Condition cause : null
2024-01-15 12:36:08,325 [WARN] PackLoader:240 - Cannot read IP mode file for STMicroelectronics.X-CUBE-AZRTOS-WB.2.0.0
2024-01-15 12:36:08,326 [WARN] ConditionMgr:1039 - genDependencies : Invalid condition id : UX DEVICE CLASS RTOS Condition cause : null
2024-01-15 12:36:08,326 [WARN] ConditionMgr:1039 - genDependencies : Invalid condition id : UX DEVICE CLASS RTOS Condition cause : null
2024-01-15 12:36:08,326 [WARN] ConditionMgr:1039 - genDependencies : Invalid condition id : UX DEVICE CLASS RTOS Condition cause : null
2024-01-15 12:36:08,326 [WARN] ConditionMgr:1039 - genDependencies : Invalid condition id : UX DEVICE CLASS RTOS Condition cause : null
2024-01-15 12:36:08,326 [WARN] ConditionMgr:1039 - genDependencies : Invalid condition id : UX DEVICE CLASS RTOS Condition cause : null
2024-01-15 12:36:08,341 [WARN] PackLoader:240 - Cannot read IP mode file for STMicroelectronics.X-CUBE-SUBG2.5.0.0
2024-01-15 12:36:08,357 [WARN] PackLoader:240 - Cannot read IP mode file for STMicroelectronics.X-CUBE-TOF1.3.3.1
2024-01-15 12:36:08,381 [WARN] PackLoader:240 - Cannot read IP mode file for STMicroelectronics.X-CUBE-AZRTOS-G4.2.0.0
2024-01-15 12:36:08,397 [WARN] PackLoader:240 - Cannot read IP mode file for Infineon.AIROC-Wi-Fi-Bluetooth-STM32.1.5.1
2024-01-15 12:36:08,409 [WARN] PackLoader:240 - Cannot read IP mode file for STMicroelectronics.FP-SNS-MOTENVWB1.1.3.0
2024-01-15 12:36:08,418 [WARN] PackLoader:240 - Cannot read IP mode file for STMicroelectronics.FP-SNS-MOTENVWB1.1.3.1
2024-01-15 12:36:08,427 [WARN] PackLoader:240 - Cannot read IP mode file for STMicroelectronics.X-CUBE-ISPU.2.0.0
2024-01-15 12:36:08,461 [WARN] PackLoader:240 - Cannot read IP mode file for STMicroelectronics.X-CUBE-MEMS1.10.0.0
2024-01-15 12:36:08,541 [WARN] PackLoader:240 - Cannot read IP mode file for STMicroelectronics.X-CUBE-FREERTOS.1.1.0
2024-01-15 12:36:08,551 [WARN] PackLoader:240 - Cannot read IP mode file for portGmbH.I-Cube-SoM-uGOAL.1.1.0
2024-01-15 12:36:08,558 [WARN] PackLoader:240 - Cannot read IP mode file for STMicroelectronics.X-CUBE-ALS.1.0.1
2024-01-15 12:36:08,567 [WARN] PackLoader:240 - Cannot read IP mode file for STMicroelectronics.FP-ATR-ASTRA1.2.0.0
2024-01-15 12:36:08,580 [WARN] PackLoader:240 - Cannot read IP mode file for STMicroelectronics.X-CUBE-TOF1.3.4.0
2024-01-15 12:36:08,612 [WARN] PackLoader:240 - Cannot read IP mode file for STMicroelectronics.X-CUBE-AZRTOS-H7.3.2.0
2024-01-15 12:36:08,614 [INFO] ThirdParty:978 - Integrity check success = true
2024-01-15 12:36:08,614 [INFO] IntegrityCheckThread:100 - exiting critical section [integrity check]
2024-01-15 12:36:08,614 [INFO] IntegrityCheckThread:103 - End integrity checks thread
2024-01-15 12:36:28,441 [ERROR] LogOutputStream:75 - [STDERR_REDIRECT] SLF4J: Failed to load class "org.slf4j.impl.StaticLoggerBinder".
2024-01-15 12:36:28,442 [ERROR] LogOutputStream:75 - [STDERR_REDIRECT] SLF4J: Defaulting to no-operation (NOP) logger implementation
2024-01-15 12:36:28,443 [ERROR] LogOutputStream:75 - [STDERR_REDIRECT] SLF4J: See http://www.slf4j.org/codes.html#StaticLoggerBinder for further details.
